globalIdx is 0
outName is test_MiniRun3.larnd.00000
RUNNING ./simulate_pixels.py --input_filename /lcrc/project/LCRC_for_DUNE/users/fathima/2x2_sim/run-larnd-sim/larnd-sim/../../run-convert2h5/output/test_MiniRun3.convert2h5/EDEPSIM_H5/test_MiniRun3.convert2h5.00000.EDEPSIM.h5 --output_filename /lcrc/project/LCRC_for_DUNE/users/fathima/2x2_sim/run-larnd-sim/larnd-sim/../output/test_MiniRun3.larnd/LARNDSIM/test_MiniRun3.larnd.00000.LARNDSIM.h5 --detector_properties ./larndsim/detector_properties/2x2.yaml --pixel_layout ./larndsim/pixel_layouts/multi_tile_layout-2.3.16.yaml --response_file ./larndsim/bin/response_44.npy --light_lut_filename /lcrc/project/LCRC_for_DUNE/products/larndsim/lightLUT_M123.npz --light_det_noise_filename ./larndsim/bin/light_noise-2x2-example.npy --rand_seed 1 --simulation_properties ./larndsim/simulation_properties/2x2_NuMI_sim.yaml

  _                      _            _
 | |                    | |          (_)
 | | __ _ _ __ _ __   __| |______ ___ _ _ __ ___
 | |/ _` | '__| '_ \ / _` |______/ __| | '_ ` _ \
 | | (_| | |  | | | | (_| |      \__ \ | | | | | |
 |_|\__,_|_|  |_| |_|\__,_|      |___/_|_| |_| |_|


**************************
LOADING SETTINGS AND INPUT
**************************
Output file: /lcrc/project/LCRC_for_DUNE/users/fathima/2x2_sim/run-larnd-sim/larnd-sim/../output/test_MiniRun3.larnd/LARNDSIM/test_MiniRun3.larnd.00000.LARNDSIM.h5
Random seed: 1
Pixel layout file: ./larndsim/pixel_layouts/multi_tile_layout-2.3.16.yaml
Detector properties file: ./larndsim/detector_properties/2x2.yaml
Simulation properties file: ./larndsim/simulation_properties/2x2_NuMI_sim.yaml
edep-sim input file: /lcrc/project/LCRC_for_DUNE/users/fathima/2x2_sim/run-larnd-sim/larnd-sim/../../run-convert2h5/output/test_MiniRun3.convert2h5/EDEPSIM_H5/test_MiniRun3.convert2h5.00000.EDEPSIM.h5
Response file: ./larndsim/bin/response_44.npy
<module 'larndsim.consts.sim' from '/lcrc/project/LCRC_for_DUNE/users/fathima/2x2_sim/run-larnd-sim/larnd-sim/larndsim/consts/sim.py'>
Event batch size: 2
Batch size: 10000
Write batch size: 1
Loading track segments... 0.06 s
******************
RUNNING SIMULATION
******************
Skipping non-active volumes... 0.01 s
Quenching electrons... 0.42 s
Drifting electrons... 0.22 s
Calculating optical responses... 14.63 s
